<?xml version="1.0" encoding="UTF-8"?>
<!-- Generated by org.testng.reporters.JUnitXMLReporter -->
<testsuite ignored="0" hostname="HYDMBCP1069" failures="0" tests="4" name="PetTests" time="13.584" errors="0" timestamp="2024-02-21T17:40:07 IST">
  <testcase classname="api.test.UserTests2" name="testPostUser" time="5.539"/>
  <testcase classname="api.test.UserTests2" name="testGetUserByName" time="1.17"/>
  <testcase classname="api.test.UserTests2" name="testUpdateUserByName" time="2.993"/>
  <testcase classname="api.test.UserTests2" name="testDeleteUserByName" time="1.882"/>
</testsuite> <!-- PetTests -->
