<?xml version="1.0" encoding="UTF-8"?>
<!-- Generated by org.testng.reporters.JUnitXMLReporter -->
<testsuite ignored="0" hostname="HYDMBCP1069" failures="0" tests="4" name="PetTests" time="11.535" errors="0" timestamp="2024-02-20T19:08:26 IST">
  <testcase classname="api.test.UserTests2" name="testPostUser" time="3.585"/>
  <testcase classname="api.test.UserTests2" name="testGetUserByName" time="1.931"/>
  <testcase classname="api.test.UserTests2" name="testUpdateUserByName" time="3.117"/>
  <testcase classname="api.test.UserTests2" name="testDeleteUserByName" time="1.182"/>
</testsuite> <!-- PetTests -->
